<?xml version="1.0" encoding="UTF-8"?>
<!-- Generated by org.testng.reporters.JUnitXMLReporter -->
<testsuite hostname="PIYUSH" ignored="0" name="Default test" tests="10" failures="0" timestamp="27 Aug 2017 18:17:38 GMT" time="107.268" errors="0">
  <testcase name="verifyLoginWithInvalidCredentials" time="5.924" classname="com.test.automation.uiAutomation.homePage.TC001_verifyLoginWithInvalidCredentials"/>
  <testcase name="verifyLoginWithInvalidCredentials" time="3.89" classname="com.test.automation.uiAutomation.homePage.TC001_verifyLoginWithInvalidCredentials"/>
  <testcase name="verifyLoginWithInvalidCredentials" time="0.002" classname="com.test.automation.uiAutomation.homePage.TC001_verifyLoginWithInvalidCredentials">
    <skipped/>
  </testcase> <!-- verifyLoginWithInvalidCredentials -->
  <testcase name="verifyLoginWithInvalidCredentials" time="3.769" classname="com.test.automation.uiAutomation.homePage.TC001_verifyLoginWithInvalidCredentials"/>
  <testcase name="verifyLoginWithInvalidCredentials" time="4.562" classname="com.test.automation.uiAutomation.homePage.TC001_verifyLoginWithInvalidCredentials"/>
  <testcase name="verifyLoginWithInvalidCredentials" time="4.049" classname="com.test.automation.uiAutomation.homePage.TC001_verifyLoginWithInvalidCredentials"/>
  <testcase name="verifyLoginWithInvalidCredentials" time="4.15" classname="com.test.automation.uiAutomation.homePage.TC001_verifyLoginWithInvalidCredentials"/>
  <testcase name="verifyLoginWithInvalidCredentials" time="4.149" classname="com.test.automation.uiAutomation.homePage.TC001_verifyLoginWithInvalidCredentials"/>
  <testcase name="verifyLoginWithInvalidCredentials" time="3.97" classname="com.test.automation.uiAutomation.homePage.TC001_verifyLoginWithInvalidCredentials"/>
  <testcase name="verifyLoginWithInvalidCredentials" time="4.048" classname="com.test.automation.uiAutomation.homePage.TC001_verifyLoginWithInvalidCredentials"/>
</testsuite> <!-- Default test -->
