<?xml version="1.0" encoding="UTF-8"?>
<!-- Generated by org.testng.reporters.JUnitXMLReporter -->
<testsuite hostname="PIYUSH" ignored="0" name="Default test" tests="10" failures="0" timestamp="28 Aug 2017 05:16:03 GMT" time="104.406" errors="0">
  <testcase name="verifyLoginWithInvalidCredentials" time="6.139" classname="com.test.automation.uiAutomation.homePage.TC001_verifyLoginWithInvalidCredentials"/>
  <testcase name="verifyLoginWithInvalidCredentials" time="3.665" classname="com.test.automation.uiAutomation.homePage.TC001_verifyLoginWithInvalidCredentials"/>
  <testcase name="verifyLoginWithInvalidCredentials" time="0.007" classname="com.test.automation.uiAutomation.homePage.TC001_verifyLoginWithInvalidCredentials">
    <skipped/>
  </testcase> <!-- verifyLoginWithInvalidCredentials -->
  <testcase name="verifyLoginWithInvalidCredentials" time="3.554" classname="com.test.automation.uiAutomation.homePage.TC001_verifyLoginWithInvalidCredentials"/>
  <testcase name="verifyLoginWithInvalidCredentials" time="4.053" classname="com.test.automation.uiAutomation.homePage.TC001_verifyLoginWithInvalidCredentials"/>
  <testcase name="verifyLoginWithInvalidCredentials" time="3.52" classname="com.test.automation.uiAutomation.homePage.TC001_verifyLoginWithInvalidCredentials"/>
  <testcase name="verifyLoginWithInvalidCredentials" time="4.086" classname="com.test.automation.uiAutomation.homePage.TC001_verifyLoginWithInvalidCredentials"/>
  <testcase name="verifyLoginWithInvalidCredentials" time="3.781" classname="com.test.automation.uiAutomation.homePage.TC001_verifyLoginWithInvalidCredentials"/>
  <testcase name="verifyLoginWithInvalidCredentials" time="3.49" classname="com.test.automation.uiAutomation.homePage.TC001_verifyLoginWithInvalidCredentials"/>
  <testcase name="verifyLoginWithInvalidCredentials" time="3.516" classname="com.test.automation.uiAutomation.homePage.TC001_verifyLoginWithInvalidCredentials"/>
</testsuite> <!-- Default test -->
