<?xml version="1.0" encoding="UTF-8"?>
<!-- Generated by org.testng.reporters.JUnitXMLReporter -->
<testsuite hostname="PIYUSH" ignored="0" name="Test" tests="2" failures="0" timestamp="16 Sep 2017 20:28:19 GMT" time="93.078" errors="0">
  <testcase name="verifyLoginWithInvalidCredentials" time="6.464" classname="com.test.automation.uiAutomation.homePage.TC001_verifyLoginWithInvalidCredentials"/>
  <testcase name="verifyLoginWithInvalidCredentials" time="67.795" classname="com.test.automation.uiAutomation.homePage.TC001_verifyLoginWithInvalidCredentials"/>
</testsuite> <!-- Test -->
