<?xml version="1.0" encoding="UTF-8"?>
<!-- Generated by org.testng.reporters.JUnitXMLReporter -->
<testsuite hostname="PIYUSH" ignored="0" name="Test1" tests="2" failures="0" timestamp="16 Sep 2017 20:28:49 GMT" time="29.969" errors="0">
  <testcase name="verifyLoginWithInvalidCredentials" time="6.691" classname="com.test.automation.uiAutomation.homePage.TC001_verifyLoginWithInvalidCredentials"/>
  <testcase name="verifyLoginWithInvalidCredentials" time="5.896" classname="com.test.automation.uiAutomation.homePage.TC001_verifyLoginWithInvalidCredentials"/>
</testsuite> <!-- Test1 -->
