<?xml version="1.0" encoding="UTF-8"?>
<testng-results skipped="0" failed="0" ignored="0" total="2" passed="2">
  <reporter-output>
    <line>
      <![CDATA[<a href ='D:\Selenium\Github\PomFactory\src\main\java\com\test\automation\uiAutomation\screenshot\verifyLoginWithInvalidCredentials_17_09_17_02_04_36.png'> <img src='D:\Selenium\Github\PomFactory\src\main\java\com\test\automation\uiAutomation\screenshot\verifyLoginWithInvalidCredentials_17_09_17_02_04_36.png'height = '100' width = '100'/> </a>]]>
    </line>
    <line>
      <![CDATA[<a href ='D:\Selenium\Github\PomFactory\src\main\java\com\test\automation\uiAutomation\screenshot\verifyLoginWithInvalidCredentials_17_09_17_02_04_42.png'> <img src='D:\Selenium\Github\PomFactory\src\main\java\com\test\automation\uiAutomation\screenshot\verifyLoginWithInvalidCredentials_17_09_17_02_04_42.png'height = '100' width = '100'/> </a>]]>
    </line>
  </reporter-output>
  <suite name="Suite" duration-ms="31355" started-at="2017-09-16T20:34:12Z" finished-at="2017-09-16T20:34:44Z">
    <groups>
    </groups>
    <test name="Test" duration-ms="31355" started-at="2017-09-16T20:34:12Z" finished-at="2017-09-16T20:34:44Z">
      <class name="com.test.automation.uiAutomation.homePage.TC001_verifyLoginWithInvalidCredentials">
        <test-method status="PASS" signature="setUp()[pri:0, instance:com.test.automation.uiAutomation.homePage.TC001_verifyLoginWithInvalidCredentials@6b1274d2]" name="setUp" is-config="true" duration-ms="16462" started-at="2017-09-17T02:04:12Z" finished-at="2017-09-17T02:04:29Z">
          <reporter-output>
          </reporter-output>
        </test-method> <!-- setUp -->
        <test-method status="PASS" signature="beforeMethod(java.lang.reflect.Method)[pri:0, instance:com.test.automation.uiAutomation.homePage.TC001_verifyLoginWithInvalidCredentials@6b1274d2]" name="beforeMethod" is-config="true" duration-ms="4" started-at="2017-09-17T02:04:29Z" finished-at="2017-09-17T02:04:29Z">
          <params>
            <param index="0">
              <value>
                <![CDATA[public void com.test.automation.uiAutomation.homePage.TC001_verifyLoginWithInvalidCredentials.verifyLoginWithInvalidCredentials(java.lang.String,java.lang.String,java.lang.String) throws java.lang.Exception]]>
              </value>
            </param>
          </params>
          <reporter-output>
          </reporter-output>
        </test-method> <!-- beforeMethod -->
        <test-method status="PASS" signature="verifyLoginWithInvalidCredentials(java.lang.String, java.lang.String, java.lang.String)[pri:0, instance:com.test.automation.uiAutomation.homePage.TC001_verifyLoginWithInvalidCredentials@6b1274d2]" name="verifyLoginWithInvalidCredentials" duration-ms="6586" started-at="2017-09-17T02:04:29Z" data-provider="loginData" finished-at="2017-09-17T02:04:36Z">
          <params>
            <param index="0">
              <value>
                <![CDATA[automation22@gmail.com]]>
              </value>
            </param>
            <param index="1">
              <value>
                <![CDATA[password]]>
              </value>
            </param>
            <param index="2">
              <value>
                <![CDATA[y]]>
              </value>
            </param>
          </params>
          <reporter-output>
          </reporter-output>
        </test-method> <!-- verifyLoginWithInvalidCredentials -->
        <test-method status="PASS" signature="afterMethod(org.testng.ITestResult)[pri:0, instance:com.test.automation.uiAutomation.homePage.TC001_verifyLoginWithInvalidCredentials@6b1274d2]" name="afterMethod" is-config="true" duration-ms="460" started-at="2017-09-17T02:04:36Z" finished-at="2017-09-17T02:04:36Z">
          <params>
            <param index="0">
              <value>
                <![CDATA[[TestResult name=verifyLoginWithInvalidCredentials status=SUCCESS method=TC001_verifyLoginWithInvalidCredentials.verifyLoginWithInvalidCredentials(java.lang.String, java.lang.String, java.lang.String)[pri:0, instance:com.test.automation.uiAutomation.homePage.TC001_verifyLoginWithInvalidCredentials@6b1274d2] output={null}]]]>
              </value>
            </param>
          </params>
          <reporter-output>
            <line>
              <![CDATA[<a href ='D:\Selenium\Github\PomFactory\src\main\java\com\test\automation\uiAutomation\screenshot\verifyLoginWithInvalidCredentials_17_09_17_02_04_36.png'> <img src='D:\Selenium\Github\PomFactory\src\main\java\com\test\automation\uiAutomation\screenshot\verifyLoginWithInvalidCredentials_17_09_17_02_04_36.png'height = '100' width = '100'/> </a>]]>
            </line>
          </reporter-output>
        </test-method> <!-- afterMethod -->
        <test-method status="PASS" signature="beforeMethod(java.lang.reflect.Method)[pri:0, instance:com.test.automation.uiAutomation.homePage.TC001_verifyLoginWithInvalidCredentials@6b1274d2]" name="beforeMethod" is-config="true" duration-ms="0" started-at="2017-09-17T02:04:36Z" finished-at="2017-09-17T02:04:36Z">
          <params>
            <param index="0">
              <value>
                <![CDATA[public void com.test.automation.uiAutomation.homePage.TC001_verifyLoginWithInvalidCredentials.verifyLoginWithInvalidCredentials(java.lang.String,java.lang.String,java.lang.String) throws java.lang.Exception]]>
              </value>
            </param>
          </params>
          <reporter-output>
          </reporter-output>
        </test-method> <!-- beforeMethod -->
        <test-method status="PASS" signature="verifyLoginWithInvalidCredentials(java.lang.String, java.lang.String, java.lang.String)[pri:0, instance:com.test.automation.uiAutomation.homePage.TC001_verifyLoginWithInvalidCredentials@6b1274d2]" name="verifyLoginWithInvalidCredentials" duration-ms="5857" started-at="2017-09-17T02:04:36Z" data-provider="loginData" finished-at="2017-09-17T02:04:42Z">
          <params>
            <param index="0">
              <value>
                <![CDATA[automation22@gmail.com]]>
              </value>
            </param>
            <param index="1">
              <value>
                <![CDATA[password]]>
              </value>
            </param>
            <param index="2">
              <value>
                <![CDATA[y]]>
              </value>
            </param>
          </params>
          <reporter-output>
          </reporter-output>
        </test-method> <!-- verifyLoginWithInvalidCredentials -->
        <test-method status="PASS" signature="afterMethod(org.testng.ITestResult)[pri:0, instance:com.test.automation.uiAutomation.homePage.TC001_verifyLoginWithInvalidCredentials@6b1274d2]" name="afterMethod" is-config="true" duration-ms="434" started-at="2017-09-17T02:04:42Z" finished-at="2017-09-17T02:04:43Z">
          <params>
            <param index="0">
              <value>
                <![CDATA[[TestResult name=verifyLoginWithInvalidCredentials status=SUCCESS method=TC001_verifyLoginWithInvalidCredentials.verifyLoginWithInvalidCredentials(java.lang.String, java.lang.String, java.lang.String)[pri:0, instance:com.test.automation.uiAutomation.homePage.TC001_verifyLoginWithInvalidCredentials@6b1274d2] output={null}]]]>
              </value>
            </param>
          </params>
          <reporter-output>
            <line>
              <![CDATA[<a href ='D:\Selenium\Github\PomFactory\src\main\java\com\test\automation\uiAutomation\screenshot\verifyLoginWithInvalidCredentials_17_09_17_02_04_42.png'> <img src='D:\Selenium\Github\PomFactory\src\main\java\com\test\automation\uiAutomation\screenshot\verifyLoginWithInvalidCredentials_17_09_17_02_04_42.png'height = '100' width = '100'/> </a>]]>
            </line>
          </reporter-output>
        </test-method> <!-- afterMethod -->
        <test-method status="PASS" signature="endTest()[pri:0, instance:com.test.automation.uiAutomation.homePage.TC001_verifyLoginWithInvalidCredentials@6b1274d2]" name="endTest" is-config="true" duration-ms="1004" started-at="2017-09-17T02:04:43Z" finished-at="2017-09-17T02:04:44Z">
          <reporter-output>
          </reporter-output>
        </test-method> <!-- endTest -->
      </class> <!-- com.test.automation.uiAutomation.homePage.TC001_verifyLoginWithInvalidCredentials -->
    </test> <!-- Test -->
  </suite> <!-- Suite -->
</testng-results>
