<?xml version="1.0" encoding="UTF-8"?>
<testng-results skipped="0" failed="0" ignored="0" total="1" passed="1">
  <reporter-output>
  </reporter-output>
  <suite name="Default suite" duration-ms="18832" started-at="2017-08-13T17:11:30Z" finished-at="2017-08-13T17:11:48Z">
    <groups>
    </groups>
    <test name="Default test" duration-ms="18832" started-at="2017-08-13T17:11:30Z" finished-at="2017-08-13T17:11:48Z">
      <class name="com.test.automation.uiAutomation.homePage.TC001_verifyLoginWithInvalidCredentials">
        <test-method status="PASS" signature="setUp()[pri:0, instance:com.test.automation.uiAutomation.homePage.TC001_verifyLoginWithInvalidCredentials@77caeb3e]" name="setUp" is-config="true" duration-ms="13523" started-at="2017-08-13T22:41:30Z" finished-at="2017-08-13T22:41:43Z">
          <reporter-output>
          </reporter-output>
        </test-method> <!-- setUp -->
        <test-method status="PASS" signature="verifyLoginWithInvalidCredentials()[pri:0, instance:com.test.automation.uiAutomation.homePage.TC001_verifyLoginWithInvalidCredentials@77caeb3e]" name="verifyLoginWithInvalidCredentials" duration-ms="4399" started-at="2017-08-13T22:41:43Z" finished-at="2017-08-13T22:41:47Z">
          <reporter-output>
          </reporter-output>
        </test-method> <!-- verifyLoginWithInvalidCredentials -->
        <test-method status="PASS" signature="endTest()[pri:0, instance:com.test.automation.uiAutomation.homePage.TC001_verifyLoginWithInvalidCredentials@77caeb3e]" name="endTest" is-config="true" duration-ms="887" started-at="2017-08-13T22:41:47Z" finished-at="2017-08-13T22:41:48Z">
          <reporter-output>
          </reporter-output>
        </test-method> <!-- endTest -->
      </class> <!-- com.test.automation.uiAutomation.homePage.TC001_verifyLoginWithInvalidCredentials -->
    </test> <!-- Default test -->
  </suite> <!-- Default suite -->
</testng-results>
